  [1m[35m (1.4ms)[0m  [1m[34mSELECT sqlite_version(*)[0m
  [1m[35m (89.4ms)[0m  [1m[35mCREATE TABLE "schema_migrations" ("version" varchar NOT NULL PRIMARY KEY)[0m
  [1m[35m (85.8ms)[0m  [1m[35mCREATE TABLE "ar_internal_metadata" ("key" varchar NOT NULL PRIMARY KEY, "value" varchar, "created_at" datetime(6) NOT NULL, "updated_at" datetime(6) NOT NULL)[0m
  [1m[35m (0.2ms)[0m  [1m[34mSELECT "schema_migrations"."version" FROM "schema_migrations" ORDER BY "schema_migrations"."version" ASC[0m
Migrating to DeviseCreateUsers (20200121074711)
  [1m[35m (0.1ms)[0m  [1m[36mbegin transaction[0m
  [1m[35m (0.4ms)[0m  [1m[35mCREATE TABLE "users" ("id" integer PRIMARY KEY AUTOINCREMENT NOT NULL, "email" varchar DEFAULT '' NOT NULL, "encrypted_password" varchar DEFAULT '' NOT NULL, "reset_password_token" varchar, "reset_password_sent_at" datetime, "remember_created_at" datetime, "username" varchar, "created_at" datetime(6) NOT NULL, "updated_at" datetime(6) NOT NULL)[0m
  [1m[35m (0.2ms)[0m  [1m[35mCREATE UNIQUE INDEX "index_users_on_email" ON "users" ("email")[0m
  [1m[35m (0.1ms)[0m  [1m[35mCREATE UNIQUE INDEX "index_users_on_reset_password_token" ON "users" ("reset_password_token")[0m
  [1m[36mprimary::SchemaMigration Create (0.2ms)[0m  [1m[32mINSERT INTO "schema_migrations" ("version") VALUES (?)[0m  [["version", "20200121074711"]]
  [1m[35m (108.6ms)[0m  [1m[36mcommit transaction[0m
Migrating to CreateGoals (20200121074831)
  [1m[35m (0.2ms)[0m  [1m[36mbegin transaction[0m
  [1m[35m (1.0ms)[0m  [1m[35mCREATE TABLE "goals" ("id" integer PRIMARY KEY AUTOINCREMENT NOT NULL, "goalname" varchar, "deadline" varchar, "importance" integer, "user_id" integer NOT NULL, "created_at" datetime(6) NOT NULL, "updated_at" datetime(6) NOT NULL, CONSTRAINT "fk_rails_c5fd9c8a38"
FOREIGN KEY ("user_id")
  REFERENCES "users" ("id")
)[0m
  [1m[35m (0.1ms)[0m  [1m[35mCREATE  INDEX "index_goals_on_user_id" ON "goals" ("user_id")[0m
  [1m[36mprimary::SchemaMigration Create (0.2ms)[0m  [1m[32mINSERT INTO "schema_migrations" ("version") VALUES (?)[0m  [["version", "20200121074831"]]
  [1m[35m (99.3ms)[0m  [1m[36mcommit transaction[0m
Migrating to CreateSteps (20200121075101)
  [1m[35m (0.2ms)[0m  [1m[36mbegin transaction[0m
  [1m[35m (0.9ms)[0m  [1m[35mCREATE TABLE "steps" ("id" integer PRIMARY KEY AUTOINCREMENT NOT NULL, "stepname" varchar, "minutes_todo" integer, "step_number" integer, "goal_id" integer NOT NULL, "completed" integer, "created_at" datetime(6) NOT NULL, "updated_at" datetime(6) NOT NULL, CONSTRAINT "fk_rails_ae398f8e91"
FOREIGN KEY ("goal_id")
  REFERENCES "goals" ("id")
)[0m
  [1m[35m (0.1ms)[0m  [1m[35mCREATE  INDEX "index_steps_on_goal_id" ON "steps" ("goal_id")[0m
  [1m[36mprimary::SchemaMigration Create (0.2ms)[0m  [1m[32mINSERT INTO "schema_migrations" ("version") VALUES (?)[0m  [["version", "20200121075101"]]
  [1m[35m (99.5ms)[0m  [1m[36mcommit transaction[0m
  [1m[36mActiveRecord::InternalMetadata Load (0.5ms)[0m  [1m[34mSELECT "ar_internal_metadata".* FROM "ar_internal_metadata" WHERE "ar_internal_metadata"."key" = ? LIMIT ?[0m  [["key", "environment"], ["LIMIT", 1]]
  [1m[35m (0.0ms)[0m  [1m[36mbegin transaction[0m
  [1m[36mActiveRecord::InternalMetadata Create (0.2ms)[0m  [1m[32mINSERT INTO "ar_internal_metadata" ("key", "value", "created_at", "updated_at") VALUES (?, ?, ?, ?)[0m  [["key", "environment"], ["value", "development"], ["created_at", "2020-01-21 07:53:24.900909"], ["updated_at", "2020-01-21 07:53:24.900909"]]
  [1m[35m (58.7ms)[0m  [1m[36mcommit transaction[0m
  [1m[35m (0.1ms)[0m  [1m[34mSELECT sqlite_version(*)[0m
  [1m[35m (0.1ms)[0m  [1m[34mSELECT "schema_migrations"."version" FROM "schema_migrations" ORDER BY "schema_migrations"."version" ASC[0m
  [1m[35m (0.4ms)[0m  [1m[34mSELECT sqlite_version(*)[0m
  [1m[35m (0.1ms)[0m  [1m[34mSELECT "schema_migrations"."version" FROM "schema_migrations" ORDER BY "schema_migrations"."version" ASC[0m
Migrating to CreateJwtBlacklists (20200121075936)
  [1m[35m (0.1ms)[0m  [1m[36mbegin transaction[0m
  [1m[35m (0.3ms)[0m  [1m[35mCREATE TABLE "jwt_blacklists" ("id" integer PRIMARY KEY AUTOINCREMENT NOT NULL, "jti" varchar, "exp" datetime)[0m
  [1m[35m (0.1ms)[0m  [1m[35mCREATE  INDEX "index_jwt_blacklists_on_jti" ON "jwt_blacklists" ("jti")[0m
  [1m[36mprimary::SchemaMigration Create (0.2ms)[0m  [1m[32mINSERT INTO "schema_migrations" ("version") VALUES (?)[0m  [["version", "20200121075936"]]
  [1m[35m (95.9ms)[0m  [1m[36mcommit transaction[0m
  [1m[36mActiveRecord::InternalMetadata Load (0.2ms)[0m  [1m[34mSELECT "ar_internal_metadata".* FROM "ar_internal_metadata" WHERE "ar_internal_metadata"."key" = ? LIMIT ?[0m  [["key", "environment"], ["LIMIT", 1]]
  [1m[35m (0.1ms)[0m  [1m[34mSELECT sqlite_version(*)[0m
  [1m[35m (0.1ms)[0m  [1m[34mSELECT "schema_migrations"."version" FROM "schema_migrations" ORDER BY "schema_migrations"."version" ASC[0m
  [1m[35m (0.4ms)[0m  [1m[34mSELECT sqlite_version(*)[0m
  [1m[35m (0.1ms)[0m  [1m[34mSELECT "schema_migrations"."version" FROM "schema_migrations" ORDER BY "schema_migrations"."version" ASC[0m
  [1m[35m (0.1ms)[0m  [1m[34mSELECT sqlite_version(*)[0m
  [1m[35m (0.1ms)[0m  [1m[36mbegin transaction[0m
  [1m[36mUser Exists? (0.2ms)[0m  [1m[34mSELECT 1 AS one FROM "users" WHERE "users"."email" = ? LIMIT ?[0m  [["email", "j@son.com"], ["LIMIT", 1]]
  [1m[36mUser Create (0.3ms)[0m  [1m[32mINSERT INTO "users" ("email", "encrypted_password", "username", "created_at", "updated_at") VALUES (?, ?, ?, ?, ?)[0m  [["email", "j@son.com"], ["encrypted_password", "$2a$11$Lowsap31xHHxQPmZsq4KOOafdt.DR6dgOs5gKhLkQFs8lzTtzAYhO"], ["username", "Jason"], ["created_at", "2020-01-21 08:28:23.344801"], ["updated_at", "2020-01-21 08:28:23.344801"]]
  [1m[35m (73.6ms)[0m  [1m[36mcommit transaction[0m
  [1m[35m (0.1ms)[0m  [1m[36mbegin transaction[0m
  [1m[36mGoal Create (0.3ms)[0m  [1m[32mINSERT INTO "goals" ("goalname", "deadline", "importance", "user_id", "created_at", "updated_at") VALUES (?, ?, ?, ?, ?, ?)[0m  [["goalname", "Project"], ["deadline", "2020-01-24"], ["importance", 10], ["user_id", 1], ["created_at", "2020-01-21 08:28:23.439294"], ["updated_at", "2020-01-21 08:28:23.439294"]]
  [1m[35m (119.6ms)[0m  [1m[36mcommit transaction[0m
  [1m[35m (0.1ms)[0m  [1m[36mbegin transaction[0m
  [1m[36mStep Create (0.3ms)[0m  [1m[32mINSERT INTO "steps" ("stepname", "step_number", "goal_id", "completed", "created_at", "updated_at") VALUES (?, ?, ?, ?, ?, ?)[0m  [["stepname", "backend"], ["step_number", 1], ["goal_id", 1], ["completed", 0], ["created_at", "2020-01-21 08:28:23.574664"], ["updated_at", "2020-01-21 08:28:23.574664"]]
  [1m[35m (80.5ms)[0m  [1m[36mcommit transaction[0m
  [1m[35m (0.1ms)[0m  [1m[36mbegin transaction[0m
  [1m[36mStep Create (0.3ms)[0m  [1m[32mINSERT INTO "steps" ("stepname", "step_number", "goal_id", "completed", "created_at", "updated_at") VALUES (?, ?, ?, ?, ?, ?)[0m  [["stepname", "frontend"], ["step_number", 2], ["goal_id", 1], ["completed", 0], ["created_at", "2020-01-21 08:28:23.660843"], ["updated_at", "2020-01-21 08:28:23.660843"]]
  [1m[35m (85.4ms)[0m  [1m[36mcommit transaction[0m
  [1m[35m (0.4ms)[0m  [1m[34mSELECT sqlite_version(*)[0m
  [1m[36mUser Load (0.2ms)[0m  [1m[34mSELECT "users".* FROM "users" LIMIT ?[0m  [["LIMIT", 11]]
  [1m[36mUser Load (0.7ms)[0m  [1m[34mSELECT "users".* FROM "users" ORDER BY "users"."id" ASC LIMIT ?[0m  [["LIMIT", 1]]
  [1m[36mGoal Load (0.1ms)[0m  [1m[34mSELECT "goals".* FROM "goals" WHERE "goals"."user_id" = ? LIMIT ?[0m  [["user_id", 1], ["LIMIT", 11]]
  [1m[36mUser Load (0.4ms)[0m  [1m[34mSELECT "users".* FROM "users" ORDER BY "users"."id" ASC LIMIT ?[0m  [["LIMIT", 1]]
  [1m[36mGoal Load (0.5ms)[0m  [1m[34mSELECT "goals".* FROM "goals" WHERE "goals"."user_id" = ? ORDER BY "goals"."id" ASC LIMIT ?[0m  [["user_id", 1], ["LIMIT", 1]]
  [1m[36mStep Load (0.1ms)[0m  [1m[34mSELECT "steps".* FROM "steps" WHERE "steps"."goal_id" = ? ORDER BY "steps"."id" ASC LIMIT ?[0m  [["goal_id", 1], ["LIMIT", 1]]
  [1m[36mUser Load (0.4ms)[0m  [1m[34mSELECT "users".* FROM "users" ORDER BY "users"."id" ASC LIMIT ?[0m  [["LIMIT", 1]]
  [1m[36mGoal Load (0.2ms)[0m  [1m[34mSELECT "goals".* FROM "goals" WHERE "goals"."user_id" = ? ORDER BY "goals"."id" ASC LIMIT ?[0m  [["user_id", 1], ["LIMIT", 1]]
  [1m[36mStep Load (0.1ms)[0m  [1m[34mSELECT "steps".* FROM "steps" WHERE "steps"."goal_id" = ? ORDER BY "steps"."id" ASC LIMIT ?[0m  [["goal_id", 1], ["LIMIT", 1]]
  [1m[36mUser Load (0.3ms)[0m  [1m[34mSELECT "users".* FROM "users" ORDER BY "users"."id" ASC LIMIT ?[0m  [["LIMIT", 1]]
  [1m[36mGoal Load (0.2ms)[0m  [1m[34mSELECT "goals".* FROM "goals" WHERE "goals"."user_id" = ? ORDER BY "goals"."id" ASC LIMIT ?[0m  [["user_id", 1], ["LIMIT", 1]]
  [1m[36mStep Load (0.2ms)[0m  [1m[34mSELECT "steps".* FROM "steps" WHERE "steps"."goal_id" = ? ORDER BY "steps"."id" ASC LIMIT ?[0m  [["goal_id", 1], ["LIMIT", 1]]
  [1m[36mStep Load (0.6ms)[0m  [1m[34mSELECT "steps".* FROM "steps" ORDER BY "steps"."id" ASC LIMIT ?[0m  [["LIMIT", 1]]
  [1m[36mStep Load (0.4ms)[0m  [1m[34mSELECT "steps".* FROM "steps" ORDER BY "steps"."id" ASC LIMIT ?[0m  [["LIMIT", 1]]
  [1m[36mStep Load (0.4ms)[0m  [1m[34mSELECT "steps".* FROM "steps" ORDER BY "steps"."id" ASC LIMIT ?[0m  [["LIMIT", 1]]
  [1m[36mStep Load (0.3ms)[0m  [1m[34mSELECT "steps".* FROM "steps" ORDER BY "steps"."id" ASC LIMIT ?[0m  [["LIMIT", 1]]
  [1m[36mStep Load (0.3ms)[0m  [1m[34mSELECT "steps".* FROM "steps" ORDER BY "steps"."id" ASC LIMIT ?[0m  [["LIMIT", 1]]
  [1m[35m (0.2ms)[0m  [1m[36mbegin transaction[0m
  [1m[36mGoal Load (0.5ms)[0m  [1m[34mSELECT "goals".* FROM "goals" WHERE "goals"."id" = ? LIMIT ?[0m  [["id", 1], ["LIMIT", 1]]
  [1m[36mStep Update (0.7ms)[0m  [1m[33mUPDATE "steps" SET "minutes_todo" = ?, "updated_at" = ? WHERE "steps"."id" = ?[0m  [["minutes_todo", 480], ["updated_at", "2020-01-21 08:32:36.218690"], ["id", 1]]
  [1m[35m (92.7ms)[0m  [1m[36mcommit transaction[0m
  [1m[36mStep Load (0.4ms)[0m  [1m[34mSELECT "steps".* FROM "steps" ORDER BY "steps"."id" ASC LIMIT ?[0m  [["LIMIT", 1]]
